 *** Trouble Cu10Na2.7O18.3S2.3
 *** Trouble C2H8.5Ni5O13.25
 *** Trouble Cl2CuH17.28N5.76
 *** Trouble C4H10.6O6.3Pb
 *** Trouble C2H10.5Cl3NO1.25Pt
 *** Trouble H3.34O13.67SSb6
 *** Trouble AlCl3HP0.3
 *** Trouble C1.38H2Na0.76O5.14Zn
 *** Trouble H7.98I2N2.66O6Zn
 *** Trouble NiI2.6NH3
 *** Trouble H0.6K2O3.3S2
 *** Trouble Al2H10.6K2O21.3S4
 *** Trouble H3.3K2O4.6S2
 *** Trouble H1.32K2O5.66S2
 *** Trouble Cu2H2.66K4O15.33P4
 *** Trouble BaO12.8Ti6.4
 *** Trouble CoCO3.66H1.32
 *** Trouble B10H3.5O19.75Sr3
 *** Trouble CH0.4O3.2Zn
 *** Trouble NiO100.33H198
 *** Trouble CdH5.3O6.7S
 *** Trouble Cu10Na2.7O18.3S2.3
 *** Trouble Cu10Na2.7O18.3S2.3
 *** Trouble BaO2.294H2.6
 *** Trouble C2H8.5Ni5O13.25
 *** Trouble C2H8.5Ni5O13.25
 *** Trouble Cl2CuH17.28N5.76
 *** Trouble Cl2CuH17.28N5.76
 *** Trouble CdH2.5PO3.75
 *** Trouble C4H10.6O6.3Pb
 *** Trouble C2H10.5Cl3NO1.25Pt
 *** Trouble C4H10.6O6.3Pb
 *** Trouble H3.34O13.67SSb6
 *** Trouble C2H10.5Cl3NO1.25Pt
 *** Trouble H3.34O13.67SSb6
 *** Trouble AlCl3HP0.3
 *** Trouble AlCl3HP0.3
 *** Trouble C1.38H2Na0.76O5.14Zn
 *** Trouble C1.38H2Na0.76O5.14Zn
 *** Trouble Ni0.86Be0.14SO10H12
 *** Trouble Ni0.84Be0.16SO11H14
 *** Trouble Ni0.3Be0.7SO8H8
 *** Trouble H7.98I2N2.66O6Zn
 *** Trouble H7.98I2N2.66O6Zn
 *** Trouble NiI2.6NH3
 *** Trouble NiI2.6NH3
 *** Trouble H0.6K2O3.3S2
 *** Trouble Al2H10.6K2O21.3S4
 *** Trouble H0.6K2O3.3S2
 *** Trouble Al2H10.6K2O21.3S4
 *** Trouble H3.3K2O4.6S2
 *** Trouble H3.3K2O4.6S2
 *** Trouble H1.32K2O5.66S2
 *** Trouble H1.32K2O5.66S2
 *** Trouble Cu2H2.66K4O15.33P4
 *** Trouble BaO12.8Ti6.4
 *** Trouble Cu2H2.66K4O15.33P4
 *** Trouble CoCO3.66H1.32
 *** Trouble B10H3.5O19.75Sr3
 *** Trouble CH0.4O3.2Zn
 *** Trouble BaO12.8Ti6.4
 *** Trouble NiO100.33H198
 *** Trouble CdH5.3O6.7S
 *** Trouble CoCO3.66H1.32
 *** Trouble B10H3.5O19.75Sr3
 *** Trouble CH0.4O3.2Zn
 *** Trouble NiO100.33H198
 *** Trouble CdH5.3O6.7S
 *** Trouble BaO2.294H2.6
 *** Trouble BaO2.294H2.6
 *** Trouble CdH2.5PO3.75
 *** Trouble Ni0.86Be0.14SO10H12
 *** Trouble Ni0.84Be0.16SO11H14
 *** Trouble Ni0.3Be0.7SO8H8
 *** Trouble CdH2.5PO3.75
 *** Trouble Ni0.86Be0.14SO10H12
 *** Trouble Ni0.84Be0.16SO11H14
 *** Trouble Ni0.3Be0.7SO8H8

 * Average num. of atoms per compound:  23.1104
 * Max num. ligands R:  220566.0

Finding unique Rs...

 * 9544 unique compounds out of 12000 requested.

  -- P1 Finding commonalities...

	Past 0th R
  -- P2 Finding commonalities...

	Past 0th R
 Unique Rs: 210586
  -- P0 Finding commonalities...

	Past 0th R
	Past 1000th R
	Past 1000th R
	Past 1000th R
	Past 2000th R
	Past 3000th R
	Past 2000th R
	Past 4000th R
	Past 2000th R
	Past 5000th R
	Past 3000th R
	Past 6000th R
	Past 3000th R
	Past 7000th R
	Past 8000th R
	Past 4000th R
	Past 4000th R
	Past 9000th R
	Past 10000th R
	Past 5000th R
	Past 5000th R
	Past 11000th R
	Past 12000th R
	Past 6000th R
	Past 6000th R
	Past 13000th R
	Past 14000th R
	Past 7000th R
	Past 7000th R
	Past 15000th R
	Past 16000th R
	Past 8000th R
	Past 17000th R
	Past 8000th R
	Past 18000th R
	Past 19000th R
	Past 9000th R
	Past 9000th R
	Past 20000th R
	Past 21000th R
	Past 10000th R
	Past 10000th R
	Past 22000th R
	Past 23000th R
	Past 11000th R
	Past 11000th R
	Past 24000th R
	Past 25000th R
	Past 12000th R
	Past 12000th R
	Past 26000th R
	Past 27000th R
	Past 13000th R
	Past 13000th R
	Past 28000th R
	Past 14000th R
	Past 15000th R
	Past 14000th R
	Past 29000th R
	Past 16000th R
	Past 17000th R
	Past 15000th R
	Past 30000th R
	Past 16000th R
	Past 31000th R
	Past 18000th R
	Past 32000th R
	Past 19000th R
	Past 17000th R
	Past 33000th R
	Past 20000th R
	Past 21000th R
	Past 18000th R
	Past 34000th R
	Past 22000th R
	Past 23000th R
	Past 19000th R
	Past 35000th R
	Past 24000th R
	Past 25000th R
	Past 20000th R
	Past 36000th R
	Past 26000th R
	Past 27000th R
	Past 21000th R
	Past 37000th R
	Past 28000th R
	Past 29000th R
	Past 22000th R
	Past 38000th R
	Past 30000th R
	Past 31000th R
	Past 23000th R
	Past 39000th R
	Past 32000th R
	Past 33000th R
	Past 24000th R
	Past 40000th R
	Past 34000th R
	Past 35000th R
	Past 25000th R
	Past 41000th R
	Past 36000th R
	Past 37000th R
	Past 26000th R
	Past 42000th R
	Past 38000th R
	Past 39000th R
	Past 27000th R
	Past 43000th R
	Past 40000th R
	Past 41000th R
	Past 28000th R
	Past 44000th R
	Past 42000th R
	Past 43000th R
	Past 29000th R
	Past 45000th R
	Past 44000th R
	Past 45000th R
	Past 30000th R
	Past 46000th R
	Past 46000th R
	Past 47000th R
	Past 31000th R
	Past 47000th R
	Past 48000th R
	Past 49000th R
	Past 32000th R
	Past 48000th R
	Past 50000th R
	Past 51000th R
	Past 33000th R
	Past 49000th R
	Past 52000th R
	Past 53000th R
	Past 34000th R
	Past 50000th R
	Past 54000th R
	Past 55000th R
	Past 35000th R
	Past 51000th R
	Past 56000th R
	Past 57000th R
	Past 52000th R
	Past 36000th R
	Past 53000th R
	Past 58000th R
	Past 37000th R
	Past 54000th R
	Past 38000th R
	Past 55000th R
	Past 59000th R
	Past 39000th R
	Past 56000th R
	Past 40000th R
	Past 60000th R
	Past 41000th R
	Past 57000th R
	Past 42000th R
	Past 61000th R
	Past 43000th R
	Past 58000th R
	Past 44000th R
	Past 62000th R
	Past 45000th R
	Past 59000th R
	Past 46000th R
	Past 63000th R
	Past 47000th R
	Past 60000th R
	Past 48000th R
	Past 49000th R
	Past 64000th R
	Past 50000th R
	Past 61000th R
	Past 51000th R
	Past 65000th R
	Past 52000th R
	Past 62000th R
	Past 53000th R
	Past 66000th R
	Past 54000th R
	Past 63000th R
	Past 55000th R
	Past 67000th R
	Past 56000th R
	Past 64000th R
	Past 57000th R
	Past 68000th R
	Past 58000th R
	Past 65000th R
	Past 59000th R
	Past 69000th R
	Past 60000th R
	Past 66000th R
	Past 61000th R
	Past 62000th R
	Past 70000th R
Saving...
	Past 67000th R
	Past 63000th R
	Past 64000th R
	Past 68000th R
	Past 65000th R
	Past 66000th R
	Past 69000th R
	Past 67000th R
	Past 68000th R
	Past 70000th R
Saving...
Time: 23548.614 s	 NProc: 3	 NMax: 12000 
	Past 69000th R
	Past 70000th R
Saving...
Mean number of compounds per R : 2.624084621643613
Max number of compounds per R : 58

