 * Duplicating indices of C6H16Na3O12.5
 * Duplicating indices of K2CN2HO2.5
 * Duplicating indices of Cu10NaO15S1.5
 *** Error processing Cu10Na2.7O18.3S2.3
 * Duplicating indices of HO5.5Sb2
 * Duplicating indices of BF3H5O2.5
 * Duplicating indices of H3N2O9.5Pb3
 * Duplicating indices of AsFeH5O6.5
 * Duplicating indices of FeCl3H5O2.5
 * Duplicating indices of KC4H5O7.5Sb
 * Duplicating indices of C10H10Hg3.5N11O8Pt2.5
 * Duplicating indices of C4H5KO7.5Sb
 * Duplicating indices of AlF6H7K3O3.5
 * Duplicating indices of Co2F2HO1.5
 * Duplicating indices of C4H9AsKO10.5
 * Duplicating indices of C4H5K2O6.5
 * Duplicating indices of C4H5KO7.5Sb
 * Duplicating indices of H9I3KO4.5Sn
 * Duplicating indices of Fe6H33K10O66.5S12
 * Duplicating indices of Fe6H39K8O68.5S12
 * Duplicating indices of Fe6H36K9O67.5S12
 * Duplicating indices of C4H5KO7.5Sb
 * Duplicating indices of CuH10.5I2N3.5
 *** Error processing C2H8.5Ni5O13.25
 * Duplicating indices of As3IKO4.5
 * Duplicating indices of H9K3O4.5S4Sb
 *** Error processing Cl2CuH17.28N5.76
 *** Error processing C4H10.6O6.3Pb
 *** Error processing C2H10.5Cl3NO1.25Pt
 *** Error processing H3.34O13.67SSb6
 *** Error processing AlCl3HP0.3
 * Duplicating indices of C4H9KNO6.5
 * Duplicating indices of K2C4H5O6.5
 * Duplicating indices of C4H8LiO7.5
 * Duplicating indices of C6H9Cu2O9.5
 * Duplicating indices of H3O3.5Pt
 *** Error processing C1.38H2Na0.76O5.14Zn
 * Duplicating indices of Cl2CuH3O4.5S
 * Duplicating indices of ClCuH2O4.5S
 * Duplicating indices of FeH3O5.5W
 * Duplicating indices of H13NiO10.5W
 * Duplicating indices of Cl3H3Hg3O1.5P
 * Duplicating indices of C4H5KO7.5Sb
 * Duplicating indices of C4H3AuKN4O1.5
 * Duplicating indices of C3H5N3NaO2.5Zn
 * Duplicating indices of H7O7.5SZn
 * Duplicating indices of CaHO4.5S
 * Duplicating indices of Fe6H9O16.5S
 * Duplicating indices of CoH3I2O7.5
 * Duplicating indices of Fe14H21O34.5S
 *** Error processing H7.98I2N2.66O6Zn
 *** Error processing NiI2.6NH3
 * Duplicating indices of C4H5FeKO10.5
 * Duplicating indices of C8H15KO15.5Sb
 * Duplicating indices of Cl2H7N2O0.5Zn
 * Duplicating indices of CoC2N2S2H1O0.5
 * Duplicating indices of Na6PtS4O13.5H3
 *** Error processing H0.6K2O3.3S2
 * Duplicating indices of C4H9NO7.5Sb
 * Duplicating indices of C4HAuKN4O0.5
 *** Error processing Al2H10.6K2O21.3S4
 * Duplicating indices of C4H9BaO8.5
 * Duplicating indices of ZnSH5O5.5
 *** Error processing H3.3K2O4.6S2
 * Duplicating indices of ClHLiO3.5
 * Duplicating indices of HO1.5Pb
 * Duplicating indices of C4H9AsNO7.5
 * Duplicating indices of FeH5O5.5S
 * Duplicating indices of HI2O6.5S
 *** Error processing H1.32K2O5.66S2
 * Duplicating indices of C4H7AsKO8.5
 * Duplicating indices of C4H9AsNaO9.5
 * Duplicating indices of H3Na6O13.5PtS4
 * Duplicating indices of SrCl5SbH5O2.5
 * Duplicating indices of BaCl5SbH5O2.5
 * Duplicating indices of C2HLi2O4.5
 * Duplicating indices of C9H9AgNO3.5
 * Duplicating indices of H3K3NO11.5S3
 * Duplicating indices of H3MgO5.5S
 * Duplicating indices of CaSO3.5H
 * Duplicating indices of HNa2O5.5S2
 * Duplicating indices of HHgN2O6.5
 * Duplicating indices of H6K2NO7.5P2
 * Duplicating indices of C4H13NO9.5Sb
 * Duplicating indices of C8H16O15.5Sb
 * Duplicating indices of C6H13CoN9O0.5
 * Duplicating indices of C4H3O10.5Sb2
 * Duplicating indices of C4H5BiKO7.5
 *** Error processing Cu2H2.66K4O15.33P4
 * Duplicating indices of ClH19N5O6.5PtS2
 * Duplicating indices of H4O7.5PU
 * Duplicating indices of C2H3CoN2O1.5
 * Duplicating indices of Ca2H3O8.5P2
 * Duplicating indices of CHCdO3.5
 *** Error processing BaO12.8Ti6.4
 * Duplicating indices of BClHO2.5Pb
 * Duplicating indices of AsH14MgO10.5
 * Duplicating indices of H4NaO6.5Se2
 * Duplicating indices of B2Cu2H5O7.5
 * Duplicating indices of AsCaH4O5.5
 * Duplicating indices of CaHO5.5Se2
 *** Error processing CoCO3.66H1.32
 * Duplicating indices of AuH5K5O14.5S4
 * Duplicating indices of H5Na2O6.5S
 * Duplicating indices of C2H10KNiO10.5
 * Duplicating indices of C2H16MgNO11.5
 *** Error processing B10H3.5O19.75Sr3
 * Duplicating indices of CHO3.5Zn
 *** Error processing CH0.4O3.2Zn
 * Duplicating indices of CdH5O6.5S
 * Duplicating indices of NiO100.5H198
 *** Error processing NiO100.33H198
 * Duplicating indices of H20K5Mo5O32.5P2
 * Duplicating indices of Al2H51Mo12N6O55.5
 * Duplicating indices of C6H9K3O16.5Sb
 * Duplicating indices of NaPbC6H12O7.5
 * Duplicating indices of N3H15RhCI6O1.5
 * Duplicating indices of CoH6PO6.5
 * Duplicating indices of Cl3H6N3O2.5Pt
 *** Error processing CdH5.3O6.7S
 * Duplicating indices of C6H7FeK3N6NaO3.5
 * Duplicating indices of Br3CdHKO0.5
 * Duplicating indices of CdCl3HKO0.5
 * Duplicating indices of BaC2O4.5H
 * Duplicating indices of CdCl2H5O2.5
 * Duplicating indices of HLi3O4.5P
 * Duplicating indices of Br3CdH5NaO2.5
 * Duplicating indices of C2HHgN2O2.5
 * Duplicating indices of C6H29Ag3N7O8.5
 * Duplicating indices of C6H3Cu2FeK2N6O1.5
 * Duplicating indices of C6H3CuFeN6Na2O1.5
 * Duplicating indices of SrC2O6.5H5
 * Duplicating indices of Na2SO5.5H3
 * Duplicating indices of H3K2MnO9.5S2
 * Duplicating indices of C6H18CoFeN11O1.5
 * Duplicating indices of Cl3H3HgNaO1.5
 * Duplicating indices of C2H24CoN6O8.5
 * Duplicating indices of H3NNa3O8.5S
 * Duplicating indices of AuCl5CoH16N6O2.5
 * Duplicating indices of C3H6NO10.5Pb2
 * Duplicating indices of C4H12AlO7.5
 * Duplicating indices of AlCl5S0.5
 * Duplicating indices of C12H20FeN6O22.5
 * Duplicating indices of AlCl5Se0.5
 * Duplicating indices of AlCl5Te0.5
 * Duplicating indices of K2Cl5BiH5O2.5
 * Duplicating indices of BiCl5H13N2O2.5
 * Duplicating indices of AsH7MgNO5.5
 * Duplicating indices of H27O29.5SrV6
 * Duplicating indices of AsBrH3O2.5
 * Duplicating indices of C6H14O8.5Rh
 * Duplicating indices of Cu3H5O8.5S
 * Duplicating indices of CaH3O5.5Se
 * Duplicating indices of AlF3H7O3.5
 * Duplicating indices of CoH4O5.5P
 * Duplicating indices of BiBr5H13N2O2.5
 * Duplicating indices of C5H5N5O2.5PbPt
 * Duplicating indices of BaHO4.5W
 * Duplicating indices of H10MgO8.5P
 * Duplicating indices of H5I5K2O2.5Sb
 * Duplicating indices of H3K6O13.5PtS4
 * Duplicating indices of H3I3KO1.5Sn
 * Duplicating indices of ClCoH19N6O4.5S
 * Duplicating indices of ClCuH1.5N0.5
 * Duplicating indices of C2H2O4.5Tl
 * Duplicating indices of ClCuH3.5N0.5O
 * Duplicating indices of H8NaO4.5
 * Duplicating indices of F3FeH9O4.5
 * Duplicating indices of H54N7.5Na2.5O53W12
 * Duplicating indices of C2H5ClFeO5.5
 * Duplicating indices of C3H4FeO6.5
 * Duplicating indices of F5HKO0.5Th
 * Duplicating indices of Cl6H3K3O1.5Os
 * Duplicating indices of Co3H68N18O21.5P4
 * Duplicating indices of C2H7CuO7.5S2
 * Duplicating indices of C4H32Cl4O11.5Tl
 * Duplicating indices of H30K3O54.5SiW12
 * Duplicating indices of C6H15Br3O1.5Tl
 * Duplicating indices of Cl3H15O7.5Tl
 * Duplicating indices of Br6H13IrN3O0.5
 * Duplicating indices of H4MgO5.5P
 * Duplicating indices of C6H12O7.5Tl
 * Duplicating indices of AsH6MgO6.5
 * Duplicating indices of C4H5AgNO2.5
 * Duplicating indices of H2O4.5PTl2
 * Duplicating indices of Cu4H7O10.5S
 *** Error processing BaO2.294H2.6
 * Duplicating indices of H2MgO3.5P
 * Duplicating indices of H14MgO9.5P
 * Duplicating indices of HN2O8.5Pb3
 * Duplicating indices of AsHLi3O4.5
 * Duplicating indices of CoH15N9O13.5
 * Duplicating indices of C4H5BaO6.5
 * Duplicating indices of C4H3O6.5Zn2
 * Duplicating indices of AsH5LiO5.5
 * Duplicating indices of C4H5CaO6.5
 * Duplicating indices of Br2H15N4O1.5Pt
 * Duplicating indices of CuH13Mo3O16.5
 * Duplicating indices of MgH6PO5.5
 * Duplicating indices of Na2MoO2.5F4H
 * Duplicating indices of BaH5O6.5W
 * Duplicating indices of F7H9N2O0.5Sb
 * Duplicating indices of AuCl4H5NaO2.5
 * Duplicating indices of H2KO0.5S
 * Duplicating indices of H11Mo4Na2O18.5
 * Duplicating indices of C4HKO8.5Sb
 * Duplicating indices of C12H13Cl2CuO8.5S2
 * Duplicating indices of CdH4O4.5P
 *** Error processing CdH2.5PO3.75
 * Duplicating indices of Li5O33.5P2Mo4H28
 * Duplicating indices of AgIN0.5H1.5
 * Duplicating indices of CdH3K2O9.5S2
 *** Error processing Ni0.86Be0.14SO10H12
 *** Error processing Ni0.84Be0.16SO11H14
 *** Error processing Ni0.3Be0.7SO8H8
 * Duplicating indices of Cu5H5I2O14.5
 * Duplicating indices of As2Cd3H3O9.5
 * Duplicating indices of C2H19N4O8.5PtS

 * Average num. of atoms per compound: 23.1104
 * Max number of fragments R: 220566

Finding unique Rs...

 * 9544 unique compounds out of 0 requested.

 Total unique (usable) Rs:  6145
  -- P0 Finding commonalities...

	Past 0th R
	Past 1000th R
	Past 2000th R
	Past 3000th R
	Past 4000th R
	Past 5000th R
	Past 6000th R
6145
Saving...

	Producing array filled with years from ID array...
Time: 14.264 s	 NProc: 1	 NMax: 0 
	Mean number of compounds per R : 2.624084621643613
	Max number of compounds per R (first 3 max) : [31, 32, 39, 58]
