
 * Average num. of atoms per compound: 22.5833
 * Max number of fragments R: 211425
 * 9362 unique compounds out of 11356 provided...
	 Which means we dropped 1994 compounds for being non-stoichiometric or being repeated (isomers).

 * All possible Rs were produced in: 4.156 s
Finding unique Rs...

 * Found a total of 6114 non-unique Rs in 3.338 s
Starting finding matchings.

	0/1547	 R(n)s evaluated...
	0/2033	 R(n)s evaluated...
	0/1555	 R(n)s evaluated...
	0/979	 R(n)s evaluated...
	1000/2033	 R(n)s evaluated...
	1000/1555	 R(n)s evaluated...
	1000/1547	 R(n)s evaluated...
	2000/2033	 R(n)s evaluated...
Done!
Time: 10.392 s	 NProc: 4	 NMax: 11356 
	Mean number of compounds per R: 2.626431141642133. Total R(n)s found: 6114
	Max number of compounds per R (first 3 max) : [32, 39, 58]

Total runtime: 15.374 s